2010-09-05T16:36:41+01:00 -- uid=-1 -- 2010-09-05T16:37:32+01:00 -- uid=-1 -- 2010-09-05T16:49:52+01:00 -- uid=-1 -- 
2010-09-05T16:52:45+01:00 -- uid=-1 -- 
2010-09-05T16:54:31+01:00 -- uid=1 -- nev_id=2 -- fup=/Users/alisi/Dropbox/Deepvue/php//contents/1fd9553e444424d4110217c6e4c7331f.jpeg -- el_id=2 -- 
2010-09-07T18:34:51+01:00 -- uid=1 -- nev_id=3 -- 
2010-09-07T18:35:39+01:00 -- uid=-1 -- 
2010-09-07T18:36:55+01:00 -- uid=1 -- uev_id=3 -- 
2010-09-07T18:41:49+01:00 -- uid=-1 -- 
2010-09-07T18:43:33+01:00 -- uid=1 -- nev_id=4 -- fup=/Users/alisi/Dropbox/Deepvue/php//contents/a3346a6bf204b9f68e0b46005bb7ddc9.jpeg -- el_id=3 -- 
2010-09-07T18:45:20+01:00 -- uid=1 -- nev_id=5 -- fup=/Users/alisi/Dropbox/Deepvue/php//contents/b627169bc2cecf39c6caa3f6765fe740.jpeg -- el_id=4 -- 
2010-09-07T18:47:35+01:00 -- uid=1 -- nev_id=6 -- fup=/Users/alisi/Dropbox/Deepvue/php//contents/a05d04641a97ffa7c87ba3985a4a7f53.jpeg -- el_id=5 -- 
2010-09-07T18:47:54+01:00 -- uid=1 -- nev_id=7 -- fup=/Users/alisi/Dropbox/Deepvue/php//contents/8f4f92a3cfdc78b904a4440b2fb8e2ca.jpeg -- el_id=6 -- 
2010-09-07T18:51:43+01:00 -- uid=1 -- nev_id=8 -- fup=/Users/alisi/Dropbox/Deepvue/php//contents/null.jpg -- el_id=7 -- 
2010-09-07T18:52:21+01:00 -- 
2010-09-07T18:53:53+01:00 -- uid=1 -- uev_id=8 -- fup=/Users/alisi/Dropbox/Deepvue/php//contents/null.jpg -- el_id=8 -- 
2010-09-07T19:00:38+01:00 -- uid=1 -- uev_id=8 -- fup=/Users/alisi/Dropbox/Deepvue/php//contents/null.jpg -- el_id=9 -- 
2010-09-07T11:04:27-07:00 -- uid=3 -- uev_id= -- fup=/home/content/i/a/m/iamadroid/html/dev/dv//contents/2f532fc318628c3f8fe311d316e5370d.jpeg -- cap -- el_id=1 -- 
2010-09-07T11:06:43-07:00 -- 
2010-09-07T11:07:29-07:00 -- uid=2 -- nev_id=1 -- fup=/home/content/i/a/m/iamadroid/html/dev/dv//contents/d5ab3e2774fd58ed27f1a88aaa3c1cf3.jpeg -- cap -- el_id=2 -- 
2010-09-07T11:08:35-07:00 -- uid=2 -- uev_id=1 -- fup=/home/content/i/a/m/iamadroid/html/dev/dv//contents/null.jpg -- cap -- el_id=3 -- 
2010-09-07T11:09:08-07:00 -- uid=3 -- nev_id=2 -- fup=/home/content/i/a/m/iamadroid/html/dev/dv//contents/9cce1bf72d15a0a95e5c079f0d1e6a86.jpeg -- el_id=4 -- 
2010-09-07T11:09:37-07:00 -- uid=3 -- uev_id=2 -- fup=/home/content/i/a/m/iamadroid/html/dev/dv//contents/0fd8341bdf970f209e3617488d3ecb33.jpeg -- el_id=5 -- 
2010-09-07T11:10:08-07:00 -- uid=3 -- uev_id=2 -- fup=/home/content/i/a/m/iamadroid/html/dev/dv//contents/4a4da5b5c22c3ee2c3cbdb9b71acc356.jpeg -- el_id=6 -- 
2010-09-07T11:10:38-07:00 -- uid=3 -- uev_id=2 -- fup=/home/content/i/a/m/iamadroid/html/dev/dv//contents/97a5765c1396fb84697329d1952855dd.jpeg -- el_id=7 -- 
2010-09-07T11:11:06-07:00 -- uid=3 -- nev_id=3 -- fup=/home/content/i/a/m/iamadroid/html/dev/dv//contents/null.jpg -- el_id=8 -- 
2010-09-07T11:11:36-07:00 -- uid=3 -- nev_id=4 -- fup=/home/content/i/a/m/iamadroid/html/dev/dv//contents/null.jpg -- el_id=9 -- 
2010-09-07T11:12:08-07:00 -- uid=3 -- nev_id=5 -- fup=/home/content/i/a/m/iamadroid/html/dev/dv//contents/233c9d844e6dc46eae3d0d00c026b7c9.jpeg -- el_id=10 -- 
2010-09-07T11:12:37-07:00 -- uid=3 -- uev_id=5 -- fup=/home/content/i/a/m/iamadroid/html/dev/dv//contents/36c4381aa5d72e7f89eded5e942c6968.jpeg -- el_id=11 -- 
2010-09-07T11:13:06-07:00 -- uid=3 -- nev_id=6 -- fup=/home/content/i/a/m/iamadroid/html/dev/dv//contents/null.jpg -- el_id=12 -- 
2010-09-07T11:13:39-07:00 -- uid=3 -- nev_id=7 -- fup=/home/content/i/a/m/iamadroid/html/dev/dv//contents/98d2c6eeabdb04653887afc5c9f0a490.jpeg -- el_id=13 -- 
2010-09-07T11:14:08-07:00 -- uid=3 -- nev_id=8 -- fup=/home/content/i/a/m/iamadroid/html/dev/dv//contents/0f97426ba91c8fa71527dba8976037a5.jpeg -- cap -- el_id=14 -- 
2010-09-07T11:14:36-07:00 -- uid=3 -- nev_id=9 -- fup=/home/content/i/a/m/iamadroid/html/dev/dv//contents/null.jpg -- cap -- el_id=15 -- 
2010-09-07T11:15:07-07:00 -- uid=3 -- uev_id=9 -- fup=/home/content/i/a/m/iamadroid/html/dev/dv//contents/null.jpg -- cap -- el_id=16 -- 
2010-09-07T11:15:37-07:00 -- uid=3 -- uev_id=9 -- fup=/home/content/i/a/m/iamadroid/html/dev/dv//contents/null.jpg -- cap -- el_id=17 -- 
2010-09-07T11:16:10-07:00 -- uid=3 -- uev_id=9 -- fup=/home/content/i/a/m/iamadroid/html/dev/dv//contents/61ac5ed4ecb2775ac6d452e42df3bb8e.jpeg -- cap -- el_id=18 -- 
2010-09-07T11:16:39-07:00 -- uid=3 -- uev_id=9 -- fup=/home/content/i/a/m/iamadroid/html/dev/dv//contents/3389eb804aa02bd13bfbb7ba0b566999.jpeg -- cap -- el_id=19 -- 
2010-09-07T11:17:10-07:00 -- uid=3 -- uev_id=9 -- fup=/home/content/i/a/m/iamadroid/html/dev/dv//contents/0aa6206d31bd5026b9234ccc2bc017f8.jpeg -- cap -- el_id=20 -- 
2010-09-07T11:17:38-07:00 -- uid=3 -- uev_id=9 -- fup=/home/content/i/a/m/iamadroid/html/dev/dv//contents/5437daa10f2cb4799246d648defd2356.jpeg -- cap -- el_id=21 -- 
2010-09-07T11:18:08-07:00 -- uid=3 -- nev_id=10 -- fup=/home/content/i/a/m/iamadroid/html/dev/dv//contents/750574a865823c2971953f6496a85f79.jpeg -- cap -- el_id=22 -- 
2010-09-07T11:18:37-07:00 -- uid=3 -- uev_id=10 -- fup=/home/content/i/a/m/iamadroid/html/dev/dv//contents/null.jpg -- cap -- el_id=23 -- 
2010-09-07T11:19:08-07:00 -- uid=3 -- nev_id=11 -- fup=/home/content/i/a/m/iamadroid/html/dev/dv//contents/31d586aee3fea51832319883652fdcd5.jpeg -- cap -- el_id=24 -- 
2010-09-07T11:19:39-07:00 -- uid=3 -- nev_id=12 -- fup=/home/content/i/a/m/iamadroid/html/dev/dv//contents/a8fa97869e74946dbb599960315f0f69.jpeg -- cap -- el_id=25 -- 
2010-09-07T11:20:07-07:00 -- uid=3 -- uev_id=12 -- fup=/home/content/i/a/m/iamadroid/html/dev/dv//contents/null.jpg -- cap -- el_id=26 -- 
2010-09-07T11:20:39-07:00 -- uid=3 -- nev_id=13 -- fup=/home/content/i/a/m/iamadroid/html/dev/dv//contents/667b9ca7f116bfa0b4d9faf466e4e08d.jpeg -- cap -- el_id=27 -- 
2010-09-07T11:21:09-07:00 -- uid=3 -- uev_id=13 -- fup=/home/content/i/a/m/iamadroid/html/dev/dv//contents/5054667903d001ce0b8de9913b4ab411.jpeg -- cap -- el_id=28 -- 
2010-09-07T11:21:40-07:00 -- uid=3 -- uev_id=13 -- fup=/home/content/i/a/m/iamadroid/html/dev/dv//contents/19b49584de61cc42c7e9fcd27917b9b4.jpeg -- cap -- el_id=29 -- 
2010-09-07T11:22:07-07:00 -- uid=3 -- uev_id=13 -- fup=/home/content/i/a/m/iamadroid/html/dev/dv//contents/null.jpg -- cap -- el_id=30 -- 
2010-09-08T00:37:37-07:00 -- uid=3 -- uev_id=13 -- fup=/home/content/i/a/m/iamadroid/html/dev/dv//contents/null.jpg -- cap -- el_id=31 -- 
2010-09-08T00:38:07-07:00 -- uid=3 -- uev_id=13 -- fup=/home/content/i/a/m/iamadroid/html/dev/dv//contents/null.jpg -- cap -- el_id=32 -- 
2010-09-08T00:42:39-07:00 -- uid=3 -- nev_id=14 -- fup=/home/content/i/a/m/iamadroid/html/dev/dv//contents/51f24e2c9d1d79e597ea786d2d8a9572.jpeg -- cap -- el_id=33 -- 
2010-09-08T02:03:42-07:00 -- uid=3 -- uev_id=14 -- fup=/home/content/i/a/m/iamadroid/html/dev/dv//contents/12e207b5c5434224d37f302bf8d31fab.jpeg -- cap -- el_id=34 -- 
2010-09-08T02:10:29-07:00 -- uid=3 -- uev_id=14 -- fup=/home/content/i/a/m/iamadroid/html/dev/dv//contents/null.jpg -- cap -- el_id=35 -- 
2010-09-08T02:46:02-07:00 -- uid=3 -- uev_id=14 -- fup=/home/content/i/a/m/iamadroid/html/dev/dv//contents/null.jpg -- cap -- el_id=36 -- 
2010-09-08T02:46:32-07:00 -- uid=3 -- uev_id=14 -- fup=/home/content/i/a/m/iamadroid/html/dev/dv//contents/null.jpg -- cap -- el_id=37 -- 
2010-09-08T03:48:54-07:00 -- uid=3 -- uev_id=14 -- fup=/home/content/i/a/m/iamadroid/html/dev/dv//contents/dac43c4999b3acd07686e22b4eacc1e9.jpeg -- cap -- el_id=38 -- 
2010-09-08T03:49:45-07:00 -- uid=3 -- uev_id=14 -- fup=/home/content/i/a/m/iamadroid/html/dev/dv//contents/9b58ba891ea331f4a9a9021b1788d7c9.jpeg -- cap -- el_id=39 -- 
2010-09-08T03:50:49-07:00 -- uid=3 -- uev_id=14 -- fup=/home/content/i/a/m/iamadroid/html/dev/dv//contents/35f1083c2fb4188a62a3de88453fd2fc.jpeg -- cap -- el_id=40 -- 
2010-09-08T04:06:44-07:00 -- uid=3 -- uev_id=14 -- fup=/home/content/i/a/m/iamadroid/html/dev/dv//contents/null.jpg -- cap -- el_id=41 -- 
2010-09-08T04:09:02-07:00 -- uid=3 -- uev_id=14 -- fup=/home/content/i/a/m/iamadroid/html/dev/dv//contents/null.jpg -- cap -- el_id=42 -- 
2010-09-08T04:36:29-07:00 -- uid=3 -- uev_id=14 -- fup=/home/content/i/a/m/iamadroid/html/dev/dv//contents/null.jpg -- cap -- el_id=43 -- 
2010-09-08T04:54:50-07:00 -- uid=3 -- uev_id=14 -- fup=/home/content/i/a/m/iamadroid/html/dev/dv//contents/ed9e8d4d49c8c3f51bd42f581de1d509.jpeg -- cap -- el_id=44 -- 
2010-09-08T04:58:49-07:00 -- uid=3 -- uev_id=14 -- fup=/home/content/i/a/m/iamadroid/html/dev/dv//contents/null.jpg -- cap -- el_id=45 -- 
2010-09-08T05:58:18-07:00 -- uid=3 -- uev_id=14 -- fup=/home/content/i/a/m/iamadroid/html/dev/dv//contents/a2828c473852bc60ed0582ac26c4024c.jpeg -- cap -- el_id=46 -- 
2010-09-08T06:07:41-07:00 -- uid=3 -- uev_id=14 -- fup=/home/content/i/a/m/iamadroid/html/dev/dv//contents/a258e6f5afe6fbacfaf20f527328b874.jpeg -- cap -- el_id=47 -- 
2010-09-08T06:15:50-07:00 -- uid=3 -- nev_id=15 -- fup=/home/content/i/a/m/iamadroid/html/dev/dv//contents/null.jpg -- cap -- el_id=48 -- 
2010-09-08T06:15:50-07:00 -- 
2010-09-08T06:18:58-07:00 -- 
2010-09-08T06:19:21-07:00 -- uid=3 -- nev_id=16 -- fup=/home/content/i/a/m/iamadroid/html/dev/dv//contents/eb7c269e1838851e4d2a8fde4b9b85cb.jpeg -- cap -- el_id=49 -- 
2010-09-08T06:23:17-07:00 -- uid=3 -- nev_id=17 -- fup=/home/content/i/a/m/iamadroid/html/dev/dv//contents/null.jpg -- cap -- el_id=50 -- 
2010-09-08T06:23:50-07:00 -- uid=3 -- nev_id=18 -- fup=/home/content/i/a/m/iamadroid/html/dev/dv//contents/92f05fc90725e35dc707a35ac7af21f0.jpeg -- cap -- el_id=51 -- 
2010-09-08T07:25:51-07:00 -- uid=3 -- uev_id=18 -- fup=/home/content/i/a/m/iamadroid/html/dev/dv//contents/416db06635a98145cdef8bfde29ee20f.jpeg -- cap -- el_id=52 -- 
2010-09-08T07:28:50-07:00 -- uid=3 -- nev_id=19 -- fup=/home/content/i/a/m/iamadroid/html/dev/dv//contents/null.jpg -- cap -- el_id=53 -- 
2010-09-08T07:32:23-07:00 -- uid=3 -- nev_id=20 -- fup=/home/content/i/a/m/iamadroid/html/dev/dv//contents/null.jpg -- cap -- el_id=54 -- 
2010-09-08T07:32:55-07:00 -- uid=3 -- nev_id=21 -- fup=/home/content/i/a/m/iamadroid/html/dev/dv//contents/c5302d3abc8913f8c02bcd7e922b6f68.jpeg -- cap -- el_id=55 -- 
2010-09-08T07:42:14-07:00 -- uid=3 -- uev_id=21 -- fup=/home/content/i/a/m/iamadroid/html/dev/dv//contents/029e27649857d865f436dcadf5dd215b.jpeg -- cap -- el_id=56 -- 
2010-09-08T08:36:52-07:00 -- uid=3 -- uev_id=21 -- fup=/home/content/i/a/m/iamadroid/html/dev/dv//contents/f77e070a039e4b2c7536b4741e1a601c.jpeg -- cap -- el_id=57 -- 
2010-09-08T08:41:03-07:00 -- uid=3 -- uev_id=21 -- fup=/home/content/i/a/m/iamadroid/html/dev/dv//contents/db251726cd947a090921674acc3cd418.jpeg -- cap -- el_id=58 -- 
2010-09-08T08:56:44-07:00 -- uid=3 -- uev_id=21 -- fup=/home/content/i/a/m/iamadroid/html/dev/dv//contents/39aa4c609897b1b7a052c86849f3c8f8.jpeg -- cap -- el_id=59 -- 
2010-09-08T08:57:15-07:00 -- uid=3 -- uev_id=21 -- fup=/home/content/i/a/m/iamadroid/html/dev/dv//contents/dff57b25362841e133a1d6202a5823a2.jpeg -- cap -- el_id=60 -- 
2010-09-08T10:12:05-07:00 -- uid=3 -- uev_id=21 -- fup=/home/content/i/a/m/iamadroid/html/dev/dv//contents/b29e7684acfe14005421bd679fdba4ca.jpeg -- cap -- el_id=61 -- 
2010-09-08T10:20:41-07:00 -- uid=3 -- uev_id=21 -- fup=/home/content/i/a/m/iamadroid/html/dev/dv//contents/ebe6cf30ab394367d11c9ca3ab43acec.jpeg -- cap -- el_id=62 -- 
2010-09-08T10:29:19-07:00 -- uid=3 -- uev_id=21 -- fup=/home/content/i/a/m/iamadroid/html/dev/dv//contents/9bbd9515cc9a2e86f77bb991459387e0.jpeg -- cap -- el_id=63 -- 
2010-09-08T10:31:17-07:00 -- uid=3 -- uev_id=21 -- fup=/home/content/i/a/m/iamadroid/html/dev/dv//contents/dcf8b1289634c4cbe6c5db03bba81cab.jpeg -- cap -- el_id=64 -- 
2010-09-08T10:33:49-07:00 -- uid=3 -- uev_id=21 -- fup=/home/content/i/a/m/iamadroid/html/dev/dv//contents/a494d2eecf52875a2174cbc28b11099b.jpeg -- cap -- el_id=65 -- 
2010-09-08T10:52:05-07:00 -- uid=3 -- uev_id=21 -- fup=/home/content/i/a/m/iamadroid/html/dev/dv//contents/b1bcb80857d56e6c412eb3d60ac58036.jpeg -- cap -- el_id=66 -- 
2010-09-08T11:04:54-07:00 -- uid=3 -- uev_id=21 -- fup=/home/content/i/a/m/iamadroid/html/dev/dv//contents/d855f7aa9f770a07941e805061ae294f.jpeg -- cap -- el_id=67 -- 
2010-09-08T11:11:20-07:00 -- uid=3 -- uev_id=21 -- fup=/home/content/i/a/m/iamadroid/html/dev/dv//contents/d7f4e52b487c994fcaf69a30a6352906.jpeg -- cap -- el_id=68 -- 
2010-09-08T11:23:32-07:00 -- uid=3 -- uev_id=21 -- fup=/home/content/i/a/m/iamadroid/html/dev/dv//contents/b9a2dd6bd3a0938aac34de7581a382ce.jpeg -- cap -- el_id=69 -- 
2010-09-08T12:53:14-07:00 -- uid=3 -- uev_id=21 -- fup=/home/content/i/a/m/iamadroid/html/dev/dv//contents/b0dd3c94537a95308c42e1ee25fb2f37.jpeg -- cap -- el_id=70 -- 
2010-09-08T12:53:42-07:00 -- uid=3 -- uev_id=21 -- fup=/home/content/i/a/m/iamadroid/html/dev/dv//contents/1a23a2f0e546ec59e6961ddee0a6fbb5.jpeg -- cap -- el_id=71 -- 
2010-09-08T16:06:03-07:00 -- uid=3 -- uev_id=21 -- fup=/home/content/i/a/m/iamadroid/html/dev/dv//contents/6cdd1443495b225b76f8e08e98748295.jpeg -- cap -- el_id=72 -- 
2010-09-08T16:06:16-07:00 -- uid=3 -- uev_id=21 -- fup=/home/content/i/a/m/iamadroid/html/dev/dv//contents/7461eb136381c23b130fe3022d10a8ff.jpeg -- cap -- el_id=73 -- 
2010-09-09T00:35:51-07:00 -- uid=3 -- uev_id=21 -- fup=/home/content/i/a/m/iamadroid/html/dev/dv//contents/ea42a83142083a9dbe9944981b93e7bd.jpeg -- cap -- el_id=74 -- 
2010-09-09T00:40:51-07:00 -- uid=3 -- uev_id=21 -- fup=/home/content/i/a/m/iamadroid/html/dev/dv//contents/4591ae5a2d247da2aba12999b090a8fe.jpeg -- cap -- el_id=75 -- 
2010-09-09T01:05:52-07:00 -- uid=3 -- uev_id=21 -- fup=/home/content/i/a/m/iamadroid/html/dev/dv//contents/2ee4b2d857ce4d05b122c16a3d80c527.jpeg -- cap -- el_id=76 -- 
2010-09-09T01:09:55-07:00 -- uid=3 -- uev_id=21 -- fup=/home/content/i/a/m/iamadroid/html/dev/dv//contents/null.jpg -- cap -- el_id=77 -- 
2010-09-09T01:15:14-07:00 -- uid=3 -- uev_id=21 -- fup=/home/content/i/a/m/iamadroid/html/dev/dv//contents/e21390dd32c3faed7731257822a207ea.jpeg -- cap -- el_id=78 -- 
2010-09-09T01:30:32-07:00 -- uid=3 -- uev_id=21 -- fup=/home/content/i/a/m/iamadroid/html/dev/dv//contents/null.jpg -- cap -- el_id=79 -- 
2010-09-09T01:35:16-07:00 -- uid=3 -- nev_id=22 -- fup=/home/content/i/a/m/iamadroid/html/dev/dv//contents/null.jpg -- cap -- el_id=80 -- 
2010-09-09T01:40:09-07:00 -- uid=3 -- nev_id=23 -- fup=/home/content/i/a/m/iamadroid/html/dev/dv//contents/null.jpg -- cap -- el_id=81 -- 
2010-09-09T01:40:39-07:00 -- uid=3 -- nev_id=24 -- fup=/home/content/i/a/m/iamadroid/html/dev/dv//contents/f82ffc0c6e25ae4906f9de2323a49760.jpeg -- cap -- el_id=82 -- 
2010-09-09T03:15:52-07:00 -- uid=3 -- nev_id=25 -- fup=/home/content/i/a/m/iamadroid/html/dev/dv//contents/null.jpg -- cap -- el_id=83 -- 
2010-09-09T03:16:19-07:00 -- uid=3 -- nev_id=26 -- fup=/home/content/i/a/m/iamadroid/html/dev/dv//contents/92119c3003489c8bc8cf3bc2da383a1a.jpeg -- cap -- el_id=84 -- 
2010-09-09T03:32:52-07:00 -- uid=3 -- uev_id=26 -- fup=/home/content/i/a/m/iamadroid/html/dev/dv//contents/28dd88eab7876070dd18934e9be921b9.jpeg -- cap -- el_id=85 -- 
2010-09-09T03:37:19-07:00 -- uid=3 -- uev_id=26 -- fup=/home/content/i/a/m/iamadroid/html/dev/dv//contents/null.jpg -- cap -- el_id=86 -- 
2010-09-09T03:46:19-07:00 -- uid=3 -- nev_id=27 -- fup=/home/content/i/a/m/iamadroid/html/dev/dv//contents/null.jpg -- cap -- el_id=87 -- 
2010-09-09T03:49:19-07:00 -- uid=3 -- uev_id=27 -- fup=/home/content/i/a/m/iamadroid/html/dev/dv//contents/null.jpg -- cap -- el_id=88 -- 
2010-09-09T04:13:10-07:00 -- uid=3 -- nev_id=28 -- fup=/home/content/i/a/m/iamadroid/html/dev/dv//contents/19f91db7e11e93e12414be5bf4344514.jpeg -- cap -- el_id=89 -- 
2010-09-09T04:19:12-07:00 -- uid=3 -- uev_id=28 -- fup=/home/content/i/a/m/iamadroid/html/dev/dv//contents/b3e6aa5a92f0ad19bb068034a36e12e0.jpeg -- cap -- el_id=90 -- 
2010-09-09T04:21:40-07:00 -- uid=3 -- uev_id=28 -- fup=/home/content/i/a/m/iamadroid/html/dev/dv//contents/null.jpg -- cap -- el_id=91 -- 
2010-09-09T04:23:40-07:00 -- uid=3 -- nev_id=29 -- fup=/home/content/i/a/m/iamadroid/html/dev/dv//contents/null.jpg -- cap -- el_id=92 -- 
2010-09-09T04:26:40-07:00 -- uid=3 -- uev_id=29 -- fup=/home/content/i/a/m/iamadroid/html/dev/dv//contents/null.jpg -- cap -- el_id=93 -- 
2010-09-09T04:30:40-07:00 -- uid=3 -- nev_id=30 -- fup=/home/content/i/a/m/iamadroid/html/dev/dv//contents/null.jpg -- cap -- el_id=94 -- 
2010-09-09T04:37:41-07:00 -- uid=3 -- uev_id=30 -- fup=/home/content/i/a/m/iamadroid/html/dev/dv//contents/null.jpg -- cap -- el_id=95 -- 
2010-09-09T04:56:42-07:00 -- uid=3 -- uev_id=30 -- fup=/home/content/i/a/m/iamadroid/html/dev/dv//contents/null.jpg -- cap -- el_id=96 -- 
2010-09-09T05:04:43-07:00 -- uid=3 -- nev_id=31 -- fup=/home/content/i/a/m/iamadroid/html/dev/dv//contents/null.jpg -- cap -- el_id=97 -- 
2010-09-09T05:05:12-07:00 -- uid=3 -- nev_id=32 -- fup=/home/content/i/a/m/iamadroid/html/dev/dv//contents/null.jpg -- cap -- el_id=98 -- 
2010-09-09T05:17:45-07:00 -- uid=3 -- nev_id=33 -- fup=/home/content/i/a/m/iamadroid/html/dev/dv//contents/dc254f1f6046b88da373e7bf24ec24ec.jpeg -- cap -- el_id=99 -- 
2010-09-09T05:18:13-07:00 -- uid=3 -- nev_id=34 -- fup=/home/content/i/a/m/iamadroid/html/dev/dv//contents/null.jpg -- cap -- el_id=100 -- 
2010-09-09T05:20:13-07:00 -- uid=3 -- uev_id=34 -- fup=/home/content/i/a/m/iamadroid/html/dev/dv//contents/null.jpg -- cap -- el_id=101 -- 
2010-09-09T05:33:14-07:00 -- uid=3 -- nev_id=35 -- fup=/home/content/i/a/m/iamadroid/html/dev/dv//contents/null.jpg -- cap -- el_id=102 -- 
2010-09-09T06:22:19-07:00 -- uid=3 -- uev_id=35 -- fup=/home/content/i/a/m/iamadroid/html/dev/dv//contents/74fa833f8bdd41a10c70604f25e6048e.jpeg -- cap -- el_id=103 -- 
2010-09-09T06:28:19-07:00 -- uid=3 -- uev_id=35 -- fup=/home/content/i/a/m/iamadroid/html/dev/dv//contents/38eb5f4d18536e10137deadd04b0b27d.jpeg -- cap -- el_id=104 -- 
2010-09-09T06:38:51-07:00 -- uid=3 -- uev_id=35 -- fup=/home/content/i/a/m/iamadroid/html/dev/dv//contents/null.jpg -- cap -- el_id=105 -- 
2010-09-09T06:53:05-07:00 -- uid=3 -- uev_id=35 -- fup=/home/content/i/a/m/iamadroid/html/dev/dv//contents/6e324d37a8fb40953e262013f20d9182.jpeg -- cap -- el_id=106 -- 
2010-09-09T07:03:33-07:00 -- uid=3 -- uev_id=35 -- fup=/home/content/i/a/m/iamadroid/html/dev/dv//contents/c571d8e4304d34f398479a6cf75464d0.jpeg -- cap -- el_id=107 -- 
2010-09-09T07:13:14-07:00 -- uid=3 -- uev_id=35 -- fup=/home/content/i/a/m/iamadroid/html/dev/dv//contents/4b7ac0d95be0da603f19be2652f2a00b.jpeg -- cap -- el_id=108 -- 
2010-09-09T07:27:24-07:00 -- uid=3 -- uev_id=35 -- fup=/home/content/i/a/m/iamadroid/html/dev/dv//contents/null.jpg -- cap -- el_id=109 -- 
2010-09-09T07:43:58-07:00 -- uid=3 -- nev_id=36 -- fup=/home/content/i/a/m/iamadroid/html/dev/dv//contents/33c33163c46fdd16bdbf1feafbe5d05d.jpeg -- cap -- el_id=110 -- 
2010-09-09T07:44:26-07:00 -- uid=3 -- nev_id=37 -- fup=/home/content/i/a/m/iamadroid/html/dev/dv//contents/null.jpg -- cap -- el_id=111 -- 
2010-09-09T07:55:56-07:00 -- uid=3 -- nev_id=38 -- fup=/home/content/i/a/m/iamadroid/html/dev/dv//contents/null.jpg -- cap -- el_id=112 -- 
2010-09-09T07:56:29-07:00 -- uid=3 -- nev_id=39 -- fup=/home/content/i/a/m/iamadroid/html/dev/dv//contents/8e05e62a893888d054653d0442d5626e.jpeg -- cap -- el_id=113 -- 
2010-09-09T08:11:28-07:00 -- uid=3 -- uev_id=39 -- fup=/home/content/i/a/m/iamadroid/html/dev/dv//contents/null.jpg -- cap -- el_id=114 -- 
2010-09-09T08:13:53-07:00 -- uid=3 -- uev_id=39 -- fup=/home/content/i/a/m/iamadroid/html/dev/dv//contents/null.jpg -- cap -- el_id=115 -- 
2010-09-09T08:16:07-07:00 -- uid=3 -- uev_id=39 -- fup=/home/content/i/a/m/iamadroid/html/dev/dv//contents/null.jpg -- cap -- el_id=116 -- 
2010-09-09T08:18:09-07:00 -- uid=3 -- uev_id=39 -- fup=/home/content/i/a/m/iamadroid/html/dev/dv//contents/726828a88ea54eb44e470f846600d7e5.jpeg -- cap -- el_id=117 -- 
2010-09-09T08:30:40-07:00 -- uid=3 -- uev_id=39 -- fup=/home/content/i/a/m/iamadroid/html/dev/dv//contents/5666f0a915c60500371f155b643165a1.jpeg -- cap -- el_id=118 -- 
2010-09-09T08:37:42-07:00 -- uid=3 -- uev_id=39 -- fup=/home/content/i/a/m/iamadroid/html/dev/dv//contents/cee2e08da72e38ac79586289dead451a.jpeg -- cap -- el_id=119 -- 
2010-09-09T08:55:14-07:00 -- uid=3 -- uev_id=39 -- fup=/home/content/i/a/m/iamadroid/html/dev/dv//contents/d6479ec228dd8ea949bf7c3adf9d9f79.jpeg -- cap -- el_id=120 -- 
2010-09-09T10:05:50-07:00 -- uid=3 -- uev_id=39 -- fup=/home/content/i/a/m/iamadroid/html/dev/dv//contents/null.jpg -- cap -- el_id=121 -- 
2010-09-09T10:11:19-07:00 -- uid=3 -- nev_id=40 -- fup=/home/content/i/a/m/iamadroid/html/dev/dv//contents/b03a731f7073e6482a7b3187e9f91dfa.jpeg -- cap -- el_id=122 -- 
2010-09-09T10:17:19-07:00 -- uid=3 -- uev_id=40 -- fup=/home/content/i/a/m/iamadroid/html/dev/dv//contents/null.jpg -- cap -- el_id=123 -- 
2010-09-09T10:17:52-07:00 -- uid=3 -- nev_id=41 -- fup=/home/content/i/a/m/iamadroid/html/dev/dv//contents/78984fd0ddaf40ede71856b54fbe7c86.jpeg -- cap -- el_id=124 -- 
2010-09-09T10:26:20-07:00 -- uid=3 -- uev_id=41 -- fup=/home/content/i/a/m/iamadroid/html/dev/dv//contents/1dcd1965f6b52d07c497b54b3cfe926d.jpeg -- cap -- el_id=125 -- 
2010-09-09T10:35:52-07:00 -- uid=3 -- nev_id=42 -- fup=/home/content/i/a/m/iamadroid/html/dev/dv//contents/null.jpg -- cap -- el_id=126 -- 
2010-09-09T10:36:29-07:00 -- uid=3 -- nev_id=43 -- fup=/home/content/i/a/m/iamadroid/html/dev/dv//contents/57b305003cfc151cb4d76990e5264255.jpeg -- cap -- el_id=127 -- 
2010-09-09T10:40:20-07:00 -- uid=3 -- uev_id=43 -- fup=/home/content/i/a/m/iamadroid/html/dev/dv//contents/null.jpg -- cap -- el_id=128 -- 
2010-09-09T11:02:52-07:00 -- uid=3 -- nev_id=44 -- fup=/home/content/i/a/m/iamadroid/html/dev/dv//contents/null.jpg -- cap -- el_id=129 -- 
2010-09-09T11:03:24-07:00 -- uid=3 -- nev_id=45 -- fup=/home/content/i/a/m/iamadroid/html/dev/dv//contents/75ce08778df104e4103ac438135ff8f0.jpeg -- cap -- el_id=130 -- 
2010-09-09T11:44:56-07:00 -- uid=3 -- uev_id=45 -- fup=/home/content/i/a/m/iamadroid/html/dev/dv//contents/94dc09e7630f1856710246b593cbe13d.jpeg -- cap -- el_id=131 -- 
2010-09-09T11:55:55-07:00 -- uid=3 -- nev_id=46 -- fup=/home/content/i/a/m/iamadroid/html/dev/dv//contents/null.jpg -- cap -- el_id=132 -- 
2010-09-09T11:57:47-07:00 -- 
2010-09-09T11:57:54-07:00 -- uid=3 -- nev_id=47 -- fup=/home/content/i/a/m/iamadroid/html/dev/dv//contents/null.jpg -- cap -- el_id=133 -- 
2010-09-09T12:02:26-07:00 -- uid=3 -- nev_id=48 -- fup=/home/content/i/a/m/iamadroid/html/dev/dv//contents/65f92bd4852a38ec6f3d7ad157849195.jpeg -- cap -- el_id=134 -- 
2010-09-09T12:02:55-07:00 -- uid=3 -- nev_id=49 -- fup=/home/content/i/a/m/iamadroid/html/dev/dv//contents/null.jpg -- cap -- el_id=135 -- 
2010-09-09T12:44:30-07:00 -- uid=3 -- nev_id=50 -- fup=/home/content/i/a/m/iamadroid/html/dev/dv//contents/f2f1b6a489f8a64b03a54974e232279c.jpeg -- cap -- el_id=136 -- 
2010-09-09T13:21:02-07:00 -- uid=3 -- uev_id=50 -- fup=/home/content/i/a/m/iamadroid/html/dev/dv//contents/3a4df829d88cb35d45af3bd5fd0f7b4e.jpeg -- cap -- el_id=137 -- 
2010-09-09T13:26:52-07:00 -- uid=3 -- uev_id=50 -- fup=/home/content/i/a/m/iamadroid/html/dev/dv//contents/null.jpg -- cap -- el_id=138 -- 
2010-09-09T13:36:04-07:00 -- uid=3 -- uev_id=50 -- fup=/home/content/i/a/m/iamadroid/html/dev/dv//contents/34f72d65a764d4fff0f4d9ffd20c4ee4.jpeg -- cap -- el_id=139 -- 
2010-09-09T13:48:49-07:00 -- uid=3 -- nev_id=51 -- fup=/home/content/i/a/m/iamadroid/html/dev/dv//contents/null.jpg -- cap -- el_id=140 -- 
2010-09-09T13:49:08-07:00 -- uid=3 -- nev_id=52 -- fup=/home/content/i/a/m/iamadroid/html/dev/dv//contents/f0976f552391d86c6ffbffce518b52b3.jpeg -- cap -- el_id=141 -- 
2010-09-09T14:02:41-07:00 -- uid=3 -- nev_id=53 -- fup=/home/content/i/a/m/iamadroid/html/dev/dv//contents/8f3f146492f85d9e2009fdda7a0980be.jpeg -- cap -- el_id=142 -- 
2010-09-09T14:19:03-07:00 -- uid=3 -- uev_id=53 -- fup=/home/content/i/a/m/iamadroid/html/dev/dv//contents/null.jpg -- cap -- el_id=143 -- 
2010-09-09T14:19:33-07:00 -- uid=3 -- nev_id=54 -- fup=/home/content/i/a/m/iamadroid/html/dev/dv//contents/null.jpg -- cap -- el_id=144 -- 
2010-09-09T14:23:03-07:00 -- uid=3 -- nev_id=55 -- fup=/home/content/i/a/m/iamadroid/html/dev/dv//contents/null.jpg -- cap -- el_id=145 -- 
2010-09-09T15:09:27-07:00 -- uid=3 -- nev_id=56 -- fup=/home/content/i/a/m/iamadroid/html/dev/dv//contents/null.jpg -- cap -- el_id=146 -- 
2010-09-09T15:09:59-07:00 -- uid=3 -- nev_id=57 -- fup=/home/content/i/a/m/iamadroid/html/dev/dv//contents/069bcab867bc2390a08ed9651b57c477.jpeg -- cap -- el_id=147 -- 
2010-09-09T15:40:33-07:00 -- uid=3 -- uev_id=57 -- fup=/home/content/i/a/m/iamadroid/html/dev/dv//contents/0fd151b068c898553df251908b1bd3cd.jpeg -- cap -- el_id=148 -- 
2010-09-10T00:30:08-07:00 -- uid=3 -- uev_id=57 -- fup=/home/content/i/a/m/iamadroid/html/dev/dv//contents/a6d7e80828bfc80f9ca6ff1b2fee4d66.jpeg -- cap -- el_id=149 -- 
2010-09-10T02:06:54-07:00 -- uid=3 -- uev_id=57 -- fup=/home/content/i/a/m/iamadroid/html/dev/dv//contents/93d4afa3c250a6be7230d64efa79e2dc.jpeg -- cap -- el_id=150 -- 
2010-09-10T04:07:03-07:00 -- uid=3 -- uev_id=57 -- fup=/home/content/i/a/m/iamadroid/html/dev/dv//contents/466dae1442bb75cda7505754fc0552c6.jpeg -- cap -- el_id=151 -- 
2010-09-10T06:59:13-07:00 -- uid=3 -- uev_id=57 -- fup=/home/content/i/a/m/iamadroid/html/dev/dv//contents/null.jpg -- cap -- el_id=152 -- 
2010-09-10T07:30:16-07:00 -- uid=3 -- uev_id=57 -- fup=/home/content/i/a/m/iamadroid/html/dev/dv//contents/40e14ea02250180d1264b1deb0cb9d92.jpeg -- cap -- el_id=153 -- 
2010-09-10T10:11:59-07:00 -- uid=3 -- uev_id=57 -- fup=/home/content/i/a/m/iamadroid/html/dev/dv//contents/428218c64ae9f25e8b2f5543598cb654.jpeg -- cap -- el_id=154 -- 
2010-09-10T11:14:30-07:00 -- uid=3 -- uev_id=57 -- fup=/home/content/i/a/m/iamadroid/html/dev/dv//contents/null.jpg -- cap -- el_id=155 -- 
2010-09-10T11:18:29-07:00 -- uid=3 -- nev_id=58 -- fup=/home/content/i/a/m/iamadroid/html/dev/dv//contents/null.jpg -- cap -- el_id=156 -- 
2010-09-10T11:19:00-07:00 -- uid=3 -- nev_id=59 -- fup=/home/content/i/a/m/iamadroid/html/dev/dv//contents/null.jpg -- cap -- el_id=157 -- 
2010-09-10T11:24:38-07:00 -- uid=3 -- nev_id=60 -- fup=/home/content/i/a/m/iamadroid/html/dev/dv//contents/8dea8b95aeb027f12899205bbe09ee7a.jpeg -- cap -- el_id=158 -- 
2010-09-10T11:39:31-07:00 -- uid=3 -- uev_id=60 -- fup=/home/content/i/a/m/iamadroid/html/dev/dv//contents/null.jpg -- cap -- el_id=159 -- 
2010-09-10T11:40:08-07:00 -- uid=3 -- nev_id=61 -- fup=/home/content/i/a/m/iamadroid/html/dev/dv//contents/5bf00706578a0d986670df697d57edf1.jpeg -- cap -- el_id=160 -- 
2010-09-10T12:11:33-07:00 -- uid=3 -- nev_id=62 -- fup=/home/content/i/a/m/iamadroid/html/dev/dv//contents/null.jpg -- cap -- el_id=161 -- 
2010-09-10T12:12:02-07:00 -- uid=3 -- nev_id=63 -- fup=/home/content/i/a/m/iamadroid/html/dev/dv//contents/null.jpg -- cap -- el_id=162 -- 
2010-09-10T12:19:03-07:00 -- uid=3 -- nev_id=64 -- fup=/home/content/i/a/m/iamadroid/html/dev/dv//contents/null.jpg -- cap -- el_id=163 -- 
2010-09-10T12:19:40-07:00 -- uid=3 -- nev_id=65 -- fup=/home/content/i/a/m/iamadroid/html/dev/dv//contents/7dfe79e788fdc02f697f778fd527644d.jpeg -- cap -- el_id=164 -- 
2010-09-10T12:46:34-07:00 -- uid=3 -- nev_id=66 -- fup=/home/content/i/a/m/iamadroid/html/dev/dv//contents/null.jpg -- cap -- el_id=165 -- 
2010-09-10T12:47:13-07:00 -- uid=3 -- nev_id=67 -- fup=/home/content/i/a/m/iamadroid/html/dev/dv//contents/b9339dcead0dd9cc1d0e20479f585e3d.jpeg -- cap -- el_id=166 -- 
2010-09-10T13:01:46-07:00 -- uid=3 -- uev_id=67 -- fup=/home/content/i/a/m/iamadroid/html/dev/dv//contents/66bd2018c6e391db12b0a37e4bf533da.jpeg -- cap -- el_id=167 -- 
2010-09-10T13:24:46-07:00 -- uid=3 -- uev_id=67 -- fup=/home/content/i/a/m/iamadroid/html/dev/dv//contents/bc1fb770745794ed594da2e4b0516feb.jpeg -- cap -- el_id=168 -- 
2010-09-10T14:08:47-07:00 -- uid=3 -- uev_id=67 -- fup=/home/content/i/a/m/iamadroid/html/dev/dv//contents/0310980138ffb5447165e37eac2ebabd.jpeg -- cap -- el_id=169 -- 
2010-09-10T14:21:22-07:00 -- uid=3 -- uev_id=67 -- fup=/home/content/i/a/m/iamadroid/html/dev/dv//contents/2e50088ec71da90c223457446a3a7ff3.jpeg -- cap -- el_id=170 -- 
2010-09-10T14:39:56-07:00 -- uid=3 -- uev_id=67 -- fup=/home/content/i/a/m/iamadroid/html/dev/dv//contents/8f86dba593bed98cc2419925f81d9437.jpeg -- cap -- el_id=171 -- 
2010-09-10T14:56:25-07:00 -- uid=3 -- uev_id=67 -- fup=/home/content/i/a/m/iamadroid/html/dev/dv//contents/a64a54d43eefc27b048fee81285fa20b.jpeg -- cap -- el_id=172 -- 
2010-09-10T15:19:55-07:00 -- uid=3 -- uev_id=67 -- fup=/home/content/i/a/m/iamadroid/html/dev/dv//contents/7f34a2c7804ad4ae71371599469494f5.jpeg -- cap -- el_id=173 -- 
2010-09-10T15:36:53-07:00 -- uid=3 -- uev_id=67 -- fup=/home/content/i/a/m/iamadroid/html/dev/dv//contents/81ab8040527360324170781cac75c5fd.jpeg -- cap -- el_id=174 -- 
2010-09-10T15:41:52-07:00 -- uid=3 -- uev_id=67 -- fup=/home/content/i/a/m/iamadroid/html/dev/dv//contents/8cac6689e4568e57337de42b03738502.jpeg -- cap -- el_id=175 -- 
2010-09-10T16:27:24-07:00 -- uid=3 -- uev_id=67 -- fup=/home/content/i/a/m/iamadroid/html/dev/dv//contents/6f0bc66dfc560ed60c3dea826cd15483.jpeg -- cap -- el_id=176 -- 
2010-09-10T16:46:24-07:00 -- uid=3 -- uev_id=67 -- fup=/home/content/i/a/m/iamadroid/html/dev/dv//contents/a42e8ef2c4d1024ece08ad4edf38ad17.jpeg -- cap -- el_id=177 -- 
2010-09-10T17:07:24-07:00 -- uid=3 -- uev_id=67 -- fup=/home/content/i/a/m/iamadroid/html/dev/dv//contents/0cd0c71f1083301dd111cce11f15309b.jpeg -- cap -- el_id=178 -- 
2010-09-10T17:13:55-07:00 -- uid=3 -- uev_id=67 -- fup=/home/content/i/a/m/iamadroid/html/dev/dv//contents/df56622d08c62c7c1eee12e56f41ac92.jpeg -- cap -- el_id=179 -- 
2010-09-10T18:31:24-07:00 -- uid=3 -- uev_id=67 -- fup=/home/content/i/a/m/iamadroid/html/dev/dv//contents/null.jpg -- cap -- el_id=180 -- 
2010-09-10T18:35:22-07:00 -- uid=3 -- uev_id=67 -- fup=/home/content/i/a/m/iamadroid/html/dev/dv//contents/null.jpg -- cap -- el_id=181 -- 
2010-09-10T18:37:22-07:00 -- uid=3 -- uev_id=67 -- fup=/home/content/i/a/m/iamadroid/html/dev/dv//contents/null.jpg -- cap -- el_id=182 -- 
2010-09-10T18:42:22-07:00 -- uid=3 -- nev_id=68 -- fup=/home/content/i/a/m/iamadroid/html/dev/dv//contents/null.jpg -- cap -- el_id=183 -- 
2010-09-10T18:42:52-07:00 -- uid=3 -- nev_id=69 -- fup=/home/content/i/a/m/iamadroid/html/dev/dv//contents/null.jpg -- cap -- el_id=184 -- 
2010-09-10T18:45:22-07:00 -- uid=3 -- uev_id=69 -- fup=/home/content/i/a/m/iamadroid/html/dev/dv//contents/null.jpg -- cap -- el_id=185 -- 
2010-09-10T18:51:31-07:00 -- uid=3 -- nev_id=70 -- fup=/home/content/i/a/m/iamadroid/html/dev/dv//contents/4a3272bec0f727ce29105996e69e21fc.jpeg -- cap -- el_id=186 -- 
2010-09-11T03:11:38-07:00 -- uid=3 -- uev_id=70 -- fup=/home/content/i/a/m/iamadroid/html/dev/dv//contents/null.jpg -- cap -- el_id=187 -- 
2010-09-11T03:12:10-07:00 -- uid=3 -- nev_id=71 -- fup=/home/content/i/a/m/iamadroid/html/dev/dv//contents/7dc3f0ccbed32234aa360bd84a1e8ec2.jpeg -- cap -- el_id=188 -- 
2010-09-11T06:06:52-07:00 -- uid=3 -- uev_id=71 -- fup=/home/content/i/a/m/iamadroid/html/dev/dv//contents/94426919436e5feff538d4f14ff88a3a.jpeg -- cap -- el_id=189 -- 
2010-09-11T06:17:22-07:00 -- uid=3 -- uev_id=71 -- fup=/home/content/i/a/m/iamadroid/html/dev/dv//contents/a1cb46cf235c9f85ed6c747a151e43fd.jpeg -- cap -- el_id=190 -- 
2010-09-11T06:22:22-07:00 -- uid=3 -- uev_id=71 -- fup=/home/content/i/a/m/iamadroid/html/dev/dv//contents/4c57ea42c26edfcd6a6dda4e2f437b9e.jpeg -- cap -- el_id=191 -- 
2010-09-11T08:58:58-07:00 -- uid=3 -- uev_id=71 -- fup=/home/content/i/a/m/iamadroid/html/dev/dv//contents/fcb14be4ef72d6150b988dce8dead0f9.jpeg -- cap -- el_id=192 -- 
2010-09-11T09:39:34-07:00 -- uid=3 -- uev_id=71 -- fup=/home/content/i/a/m/iamadroid/html/dev/dv//contents/null.jpg -- cap -- el_id=193 -- 
2010-09-11T09:45:12-07:00 -- uid=3 -- nev_id=72 -- fup=/home/content/i/a/m/iamadroid/html/dev/dv//contents/fffc0b2e85c6db8f05efc7c5e647123d.jpeg -- cap -- el_id=194 -- 
2010-09-11T09:51:16-07:00 -- uid=3 -- uev_id=72 -- fup=/home/content/i/a/m/iamadroid/html/dev/dv//contents/993ce097f1e124eaf5a9d8a9d500629f.jpeg -- cap -- el_id=195 -- 
2010-09-11T10:16:09-07:00 -- uid=3 -- uev_id=72 -- fup=/home/content/i/a/m/iamadroid/html/dev/dv//contents/null.jpg -- cap -- el_id=196 -- 
2010-09-11T10:16:35-07:00 -- uid=3 -- nev_id=73 -- fup=/home/content/i/a/m/iamadroid/html/dev/dv//contents/null.jpg -- cap -- el_id=197 -- 
2010-09-11T10:24:05-07:00 -- uid=3 -- nev_id=74 -- fup=/home/content/i/a/m/iamadroid/html/dev/dv//contents/null.jpg -- cap -- el_id=198 -- 
2010-09-11T10:24:36-07:00 -- uid=3 -- nev_id=75 -- fup=/home/content/i/a/m/iamadroid/html/dev/dv//contents/null.jpg -- cap -- el_id=199 -- 
2010-09-11T10:30:12-07:00 -- uid=3 -- nev_id=76 -- fup=/home/content/i/a/m/iamadroid/html/dev/dv//contents/7684ba32f869223115075603cb1cbf40.jpeg -- cap -- el_id=200 -- 
2010-09-11T10:32:05-07:00 -- uid=3 -- uev_id=76 -- fup=/home/content/i/a/m/iamadroid/html/dev/dv//contents/null.jpg -- cap -- el_id=201 -- 
2010-09-11T10:32:35-07:00 -- uid=3 -- nev_id=77 -- fup=/home/content/i/a/m/iamadroid/html/dev/dv//contents/null.jpg -- cap -- el_id=202 -- 
2010-09-11T10:45:06-07:00 -- uid=3 -- nev_id=78 -- fup=/home/content/i/a/m/iamadroid/html/dev/dv//contents/null.jpg -- cap -- el_id=203 -- 
2010-09-11T10:45:35-07:00 -- uid=3 -- nev_id=79 -- fup=/home/content/i/a/m/iamadroid/html/dev/dv//contents/null.jpg -- cap -- el_id=204 -- 
